
[2026-02-28T06:03:26.556Z] POST /api/posts - Body: {"title":"Test Post","content":"Test Content","location":"Test Location","maxParticipants":10,"duration":60}

[2026-02-28T06:28:18.185Z] POST /api/posts - Body: {"title":"Test Activity CSS","content":"Test Description","location":"Hanoi","maxParticipants":10,"duration":120}

[2026-02-28T06:48:25.321Z] GET /api/activities - Body: undefined

[2026-02-28T06:48:25.348Z] GET /api/activities - Body: undefined

[2026-02-28T06:49:06.766Z] GET /api/notifications - Body: undefined

[2026-02-28T06:49:06.780Z] GET /api/notifications - Body: undefined

[2026-02-28T06:49:11.142Z] GET /api/activities - Body: undefined

[2026-02-28T06:49:11.148Z] GET /api/activities - Body: undefined

[ERROR] Bad escaped character in JSON at position 9 (line 1 column 10)
SyntaxError: Bad escaped character in JSON at position 9 (line 1 column 10)
    at JSON.parse (<anonymous>)
    at parse (C:\Users\Admin\Documents\GitHub\JSV\backend\node_modules\body-parser\lib\types\json.js:72:19)
    at C:\Users\Admin\Documents\GitHub\JSV\backend\node_modules\body-parser\lib\read.js:162:18
    at AsyncResource.runInAsyncScope (node:async_hooks:214:14)
    at invokeCallback (C:\Users\Admin\Documents\GitHub\JSV\backend\node_modules\raw-body\index.js:238:16)
    at done (C:\Users\Admin\Documents\GitHub\JSV\backend\node_modules\raw-body\index.js:227:7)
    at IncomingMessage.onEnd (C:\Users\Admin\Documents\GitHub\JSV\backend\node_modules\raw-body\index.js:287:7)
    at IncomingMessage.emit (node:events:508:28)
    at endReadableNT (node:internal/streams/readable:1701:12)
    at process.processTicksAndRejections (node:internal/process/task_queues:89:21)

[2026-02-28T06:54:52.918Z] POST /api/posts - Body: {"title":"Test Activity","description":"Test Description","location":"Hanoi","maxParticipants":10,"duration":120,"userId":2}

[2026-02-28T06:58:44.431Z] POST /api/posts - Body: {"content":"a","imageUrl":"","description":"","location":"","maxParticipants":10,"duration":60}

[2026-02-28T06:58:56.966Z] POST /api/posts - Body: {"title":"Test Activity","description":"Test Description","location":"Hanoi","maxParticipants":10,"duration":120,"userId":2}

[2026-02-28T07:01:32.983Z] POST /api/posts - Body: {"title":"Test Activity","description":"Test Description","location":"Hanoi","maxParticipants":10,"duration":120,"userId":2}

[2026-02-28T07:02:09.637Z] GET /api/notifications - Body: undefined

[2026-02-28T07:02:09.651Z] GET /api/notifications - Body: undefined

[2026-02-28T07:04:16.137Z] POST /api/posts - Body: {"title":"Test Activity","description":"Test Description","location":"Hanoi","maxParticipants":10,"duration":120,"userId":2}

[2026-02-28T07:08:03.895Z] POST /api/posts - Body: {"title":"Test Activity","description":"Test Description","location":"Hanoi","maxParticipants":10,"duration":120,"userId":2}

[2026-02-28T07:08:40.055Z] GET /api/notifications - Body: undefined

[2026-02-28T07:08:40.068Z] GET /api/notifications - Body: undefined

[2026-02-28T07:08:41.680Z] GET /api/activities - Body: undefined

[2026-02-28T07:08:41.690Z] GET /api/activities - Body: undefined

[2026-02-28T07:08:46.625Z] GET /api/activities - Body: undefined

[2026-02-28T07:08:46.632Z] GET /api/activities - Body: undefined

[2026-02-28T07:08:47.576Z] GET /api/activities - Body: undefined

[2026-02-28T07:08:47.584Z] GET /api/activities - Body: undefined

[2026-02-28T07:08:47.805Z] GET /api/activities - Body: undefined

[2026-02-28T07:08:47.812Z] GET /api/activities - Body: undefined

[2026-02-28T07:08:48.946Z] GET /api/activities - Body: undefined

[2026-02-28T07:08:48.952Z] GET /api/activities - Body: undefined

[2026-02-28T07:08:49.166Z] GET /api/activities - Body: undefined

[2026-02-28T07:08:49.171Z] GET /api/activities - Body: undefined

[2026-02-28T07:08:49.368Z] GET /api/activities - Body: undefined

[2026-02-28T07:08:49.374Z] GET /api/activities - Body: undefined

[2026-02-28T07:08:49.571Z] GET /api/activities - Body: undefined

[2026-02-28T07:08:49.577Z] GET /api/activities - Body: undefined

[2026-02-28T07:08:51.726Z] GET /api/activities - Body: undefined

[2026-02-28T07:08:51.732Z] GET /api/activities - Body: undefined

[2026-02-28T07:18:08.035Z] GET /api/pending-activities - Body: undefined

[2026-02-28T07:18:08.037Z] GET /api/activities - Body: undefined

[2026-02-28T07:19:16.388Z] GET /api/notifications - Body: undefined

[2026-02-28T07:19:16.412Z] GET /api/notifications - Body: undefined

[2026-02-28T07:19:17.786Z] GET /api/pending-activities - Body: undefined

[2026-02-28T07:19:17.787Z] GET /api/activities - Body: undefined

[2026-02-28T07:19:17.806Z] GET /api/activities - Body: undefined

[2026-02-28T07:19:17.809Z] GET /api/pending-activities - Body: undefined

[2026-02-28T07:19:19.066Z] GET /api/notifications - Body: undefined

[2026-02-28T07:19:19.070Z] GET /api/notifications - Body: undefined

[2026-02-28T07:19:22.962Z] GET /api/pending-activities - Body: undefined

[2026-02-28T07:19:22.963Z] GET /api/activities - Body: undefined

[2026-02-28T07:19:22.969Z] GET /api/pending-activities - Body: undefined

[2026-02-28T07:19:22.970Z] GET /api/activities - Body: undefined

[2026-02-28T07:20:14.555Z] GET /api/pending-activities - Body: undefined

[2026-02-28T07:20:14.556Z] GET /api/activities - Body: undefined

[2026-02-28T07:20:14.581Z] GET /api/activities - Body: undefined

[2026-02-28T07:20:14.585Z] GET /api/pending-activities - Body: undefined

[2026-02-28T07:20:29.316Z] GET /api/pending-activities - Body: undefined

[2026-02-28T07:20:29.317Z] GET /api/activities - Body: undefined

[2026-02-28T07:20:29.322Z] GET /api/pending-activities - Body: undefined

[2026-02-28T07:20:29.323Z] GET /api/activities - Body: undefined

[2026-02-28T07:43:57.366Z] DELETE /api/pending-activities/50 - Body: undefined

[2026-02-28T07:44:00.771Z] GET /api/pending-activities - Body: undefined

[2026-02-28T07:44:00.772Z] GET /api/activities - Body: undefined

[2026-02-28T07:44:00.786Z] GET /api/activities - Body: undefined

[2026-02-28T07:44:00.788Z] GET /api/pending-activities - Body: undefined

[2026-02-28T07:44:07.830Z] POST /api/posts - Body: {"content":"a","imageUrl":"","description":"","location":"","maxParticipants":10,"duration":60}

[2026-02-28T07:44:07.858Z] GET /api/activities - Body: undefined

[2026-02-28T07:44:29.119Z] POST /api/posts - Body: {"content":"abc","imageUrl":"","description":"","location":"","maxParticipants":10,"duration":60}

[2026-02-28T07:44:29.163Z] GET /api/activities - Body: undefined

[2026-02-28T07:44:53.689Z] POST /api/posts - Body: {"content":"f","imageUrl":"","description":"sdsdsd","location":"ha","maxParticipants":6,"duration":44}

[2026-02-28T07:44:53.714Z] GET /api/activities - Body: undefined

[2026-02-28T07:49:16.683Z] GET /api/notifications - Body: undefined

[2026-02-28T07:49:16.702Z] GET /api/notifications - Body: undefined

[2026-02-28T07:49:19.137Z] GET /api/pending-activities - Body: undefined

[2026-02-28T07:49:19.140Z] GET /api/activities - Body: undefined

[2026-02-28T07:49:19.151Z] GET /api/activities - Body: undefined

[2026-02-28T07:49:19.153Z] GET /api/pending-activities - Body: undefined

[2026-02-28T07:49:20.081Z] GET /api/notifications - Body: undefined

[2026-02-28T07:49:20.085Z] GET /api/notifications - Body: undefined

[2026-02-28T07:49:21.111Z] GET /api/pending-activities - Body: undefined

[2026-02-28T07:49:21.115Z] GET /api/activities - Body: undefined

[2026-02-28T07:49:21.118Z] GET /api/pending-activities - Body: undefined

[2026-02-28T07:49:21.124Z] GET /api/activities - Body: undefined

[2026-02-28T08:00:35.651Z] GET /api/pending-activities - Body: undefined

[2026-02-28T08:00:35.651Z] GET /api/activities - Body: undefined

[2026-02-28T08:00:35.675Z] GET /api/activities - Body: undefined

[2026-02-28T08:00:35.676Z] GET /api/pending-activities - Body: undefined

[2026-02-28T08:04:08.310Z] GET /api/pending-activities - Body: undefined

[2026-02-28T08:04:08.312Z] GET /api/activities - Body: undefined

[2026-02-28T08:04:08.333Z] GET /api/activities - Body: undefined

[2026-02-28T08:04:08.339Z] GET /api/pending-activities - Body: undefined

[2026-02-28T08:05:48.904Z] GET /api/activities - Body: undefined

[2026-02-28T08:07:33.035Z] GET /api/activities - Body: undefined

[2026-02-28T08:08:19.523Z] GET /api/activities - Body: undefined

[2026-02-28T08:09:35.131Z] GET /api/activities - Body: undefined

[2026-02-28T08:10:56.747Z] GET /api/activities - Body: undefined

[2026-02-28T08:12:10.862Z] GET /api/activities - Body: undefined

[2026-02-28T08:13:29.136Z] GET /api/activities - Body: undefined

[2026-02-28T08:14:35.879Z] GET /api/pending-activities - Body: undefined

[2026-02-28T08:14:35.880Z] GET /api/activities - Body: undefined

[2026-02-28T08:14:35.892Z] GET /api/activities - Body: undefined

[2026-02-28T08:14:35.896Z] GET /api/pending-activities - Body: undefined

[2026-02-28T08:14:46.099Z] GET /api/activities - Body: undefined

[2026-02-28T08:15:56.137Z] GET /api/activities - Body: undefined

[2026-02-28T08:16:56.257Z] GET /api/activities - Body: undefined

[2026-02-28T08:17:39.059Z] GET /api/pending-activities - Body: undefined

[2026-02-28T08:17:39.059Z] GET /api/activities - Body: undefined

[2026-02-28T08:17:39.077Z] GET /api/activities - Body: undefined

[2026-02-28T08:17:39.082Z] GET /api/pending-activities - Body: undefined

[2026-02-28T08:17:49.055Z] GET /api/activities - Body: undefined

[2026-02-28T08:18:40.033Z] GET /api/activities - Body: undefined

[2026-02-28T08:19:43.138Z] GET /api/pending-activities - Body: undefined

[2026-02-28T08:19:43.139Z] GET /api/activities - Body: undefined

[2026-02-28T08:19:43.160Z] GET /api/activities - Body: undefined

[2026-02-28T08:19:43.163Z] GET /api/pending-activities - Body: undefined

[2026-02-28T08:20:06.252Z] GET /api/pending-activities - Body: undefined

[2026-02-28T08:20:06.253Z] GET /api/activities - Body: undefined

[2026-02-28T08:20:06.259Z] GET /api/pending-activities - Body: undefined

[2026-02-28T08:20:06.260Z] GET /api/activities - Body: undefined

[2026-02-28T08:21:20.937Z] GET /api/activities - Body: undefined

[2026-02-28T08:21:46.851Z] GET /api/activities - Body: undefined

[2026-02-28T08:23:06.112Z] GET /api/activities - Body: undefined

[2026-02-28T08:23:37.119Z] GET /api/activities - Body: undefined

[2026-02-28T08:23:50.652Z] GET /api/pending-activities - Body: undefined

[2026-02-28T08:23:50.654Z] GET /api/activities - Body: undefined

[2026-02-28T08:23:50.678Z] GET /api/pending-activities - Body: undefined

[2026-02-28T08:23:50.680Z] GET /api/activities - Body: undefined

[2026-02-28T08:24:38.834Z] GET /api/pending-activities - Body: undefined

[2026-02-28T08:24:38.835Z] GET /api/activities - Body: undefined

[2026-02-28T08:24:38.861Z] GET /api/pending-activities - Body: undefined

[2026-02-28T08:24:38.867Z] GET /api/activities - Body: undefined

[2026-02-28T08:26:58.640Z] GET /api/pending-activities - Body: undefined

[2026-02-28T08:26:58.642Z] GET /api/activities - Body: undefined

[2026-02-28T08:26:58.678Z] GET /api/pending-activities - Body: undefined

[2026-02-28T08:26:58.682Z] GET /api/activities - Body: undefined

[2026-02-28T08:29:44.674Z] GET /api/pending-activities - Body: undefined

[2026-02-28T08:29:44.676Z] GET /api/activities - Body: undefined

[2026-02-28T08:29:44.713Z] GET /api/pending-activities - Body: undefined

[2026-02-28T08:29:44.716Z] GET /api/activities - Body: undefined

[2026-02-28T08:29:46.409Z] GET /api/pending-activities - Body: undefined

[2026-02-28T08:29:46.412Z] GET /api/activities - Body: undefined

[2026-02-28T08:29:46.416Z] GET /api/pending-activities - Body: undefined

[2026-02-28T08:29:46.420Z] GET /api/activities - Body: undefined

[2026-02-28T08:30:38.617Z] POST /api/posts - Body: {"content":"dsdasd","imageUrl":"","description":"ádasda","location":"noi","maxParticipants":12,"duration":120}

[2026-02-28T08:30:38.679Z] GET /api/activities - Body: undefined
